<?xml version="1.0" encoding="UTF-8"?>
<testng-results ignored="0" total="1" passed="1" failed="0" skipped="0">
  <reporter-output>
  </reporter-output>
  <suite started-at="2024-01-08T18:12:35 IST" name="Default suite" finished-at="2024-01-08T18:12:39 IST" duration-ms="3743">
    <groups>
    </groups>
    <test started-at="2024-01-08T18:12:35 IST" name="Default test" finished-at="2024-01-08T18:12:39 IST" duration-ms="3743">
      <class name="com.cityklues.test.LoginTest">
        <test-method is-config="true" signature="browserConfiguration()[pri:0, instance:com.cityklues.test.LoginTest@d2de489]" started-at="2024-01-08T18:12:35 IST" name="browserConfiguration" finished-at="2024-01-08T18:12:39 IST" duration-ms="3698" status="PASS">
          <reporter-output>
          </reporter-output>
        </test-method> <!-- browserConfiguration -->
        <test-method signature="hello()[pri:0, instance:com.cityklues.test.LoginTest@d2de489]" started-at="2024-01-08T18:12:39 IST" name="hello" finished-at="2024-01-08T18:12:39 IST" duration-ms="8" status="PASS">
          <reporter-output>
          </reporter-output>
        </test-method> <!-- hello -->
      </class> <!-- com.cityklues.test.LoginTest -->
    </test> <!-- Default test -->
  </suite> <!-- Default suite -->
</testng-results>
